<?xml version="1.0" encoding="UTF-8"?>
<testng-results ignored="0" total="1" passed="1" failed="0" skipped="0">
  <reporter-output>
  </reporter-output>
  <suite started-at="2024-01-26T08:26:52 IST" name="Default suite" finished-at="2024-01-26T08:26:52 IST" duration-ms="53">
    <groups>
    </groups>
    <test started-at="2024-01-26T08:26:52 IST" name="Default test" finished-at="2024-01-26T08:26:52 IST" duration-ms="53">
      <class name="practise.First">
        <test-method signature="first()[pri:0, instance:practise.First@52e6fdee]" started-at="2024-01-26T08:26:52 IST" name="first" finished-at="2024-01-26T08:26:52 IST" duration-ms="10" status="PASS">
          <reporter-output>
          </reporter-output>
        </test-method> <!-- first -->
      </class> <!-- practise.First -->
    </test> <!-- Default test -->
  </suite> <!-- Default suite -->
</testng-results>
